<?xml version="1.0" encoding="UTF-8" ?>
<testsuite tests="10" failures="0" name="sf.codingcompetition2020.CodingCompCsvUtilTest" time="0.416" errors="0" skipped="0">
  <properties>
    <property name="idea.version" value="2020.2.3"/>
    <property name="java.runtime.name" value="OpenJDK Runtime Environment"/>
    <property name="java.vm.version" value="15+36-1562"/>
    <property name="sun.boot.library.path" value="/home/hsheth/.jdks/openjdk-15/lib"/>
    <property name="maven.multiModuleProjectDirectory" value="/home/hsheth/data/projects/statefarm-2020"/>
    <property name="java.vm.vendor" value="Oracle Corporation"/>
    <property name="java.vendor.url" value="https://java.oracle.com/"/>
    <property name="guice.disable.misplaced.annotation.check" value="true"/>
    <property name="path.separator" value=":"/>
    <property name="java.vm.name" value="OpenJDK 64-Bit Server VM"/>
    <property name="user.country" value="US"/>
    <property name="sun.java.launcher" value="SUN_STANDARD"/>
    <property name="java.vm.specification.name" value="Java Virtual Machine Specification"/>
    <property name="user.dir" value="/home/hsheth/data/projects/statefarm-2020"/>
    <property name="java.vm.compressedOopsMode" value="Zero based"/>
    <property name="java.runtime.version" value="15+36-1562"/>
    <property name="os.arch" value="amd64"/>
    <property name="java.io.tmpdir" value="/tmp"/>
    <property name="line.separator" value="
"/>
    <property name="java.vm.specification.vendor" value="Oracle Corporation"/>
    <property name="os.name" value="Linux"/>
    <property name="maven.ext.class.path" value="/app/extra/idea-IU/plugins/maven/lib/maven-event-listener.jar"/>
    <property name="classworlds.conf" value="/app/extra/idea-IU/plugins/maven/lib/maven3/bin/m2.conf"/>
    <property name="sun.jnu.encoding" value="UTF-8"/>
    <property name="java.library.path" value="/usr/java/packages/lib:/usr/lib64:/lib64:/lib:/usr/lib"/>
    <property name="maven.conf" value="/app/extra/idea-IU/plugins/maven/lib/maven3/conf"/>
    <property name="jdk.debug" value="release"/>
    <property name="java.class.version" value="59.0"/>
    <property name="java.specification.name" value="Java Platform API Specification"/>
    <property name="sun.management.compiler" value="HotSpot 64-Bit Tiered Compilers"/>
    <property name="os.version" value="5.4.0-7625-generic"/>
    <property name="user.home" value="/home/hsheth"/>
    <property name="user.timezone" value="America/New_York"/>
    <property name="file.encoding" value="UTF-8"/>
    <property name="java.specification.version" value="15"/>
    <property name="user.name" value="hsheth"/>
    <property name="java.class.path" value="/app/extra/idea-IU/plugins/maven/lib/maven3/boot/plexus-classworlds.license:/app/extra/idea-IU/plugins/maven/lib/maven3/boot/plexus-classworlds-2.6.0.jar"/>
    <property name="java.vm.specification.version" value="15"/>
    <property name="sun.arch.data.model" value="64"/>
    <property name="sun.java.command" value="org.codehaus.classworlds.Launcher -Didea.version=2020.2.3 test"/>
    <property name="java.home" value="/home/hsheth/.jdks/openjdk-15"/>
    <property name="user.language" value="en"/>
    <property name="java.specification.vendor" value="Oracle Corporation"/>
    <property name="java.vm.info" value="mixed mode, sharing"/>
    <property name="java.version" value="15"/>
    <property name="securerandom.source" value="file:/dev/./urandom"/>
    <property name="java.vendor" value="Oracle Corporation"/>
    <property name="maven.home" value="/app/extra/idea-IU/plugins/maven/lib/maven3"/>
    <property name="file.separator" value="/"/>
    <property name="java.version.date" value="2020-09-15"/>
    <property name="java.vendor.url.bug" value="https://bugreport.java.com/bugreport/"/>
    <property name="sun.io.unicode.encoding" value="UnicodeLittle"/>
    <property name="sun.cpu.endian" value="little"/>
  </properties>
  <testcase classname="sf.codingcompetition2020.CodingCompCsvUtilTest" name="getCustomersRetainedForYearsByPlcyCostAsc2" time="0.254"/>
  <testcase classname="sf.codingcompetition2020.CodingCompCsvUtilTest" name="getLeadsForInsurance" time="0.015"/>
  <testcase classname="sf.codingcompetition2020.CodingCompCsvUtilTest" name="getVendorsWithGivenRatingThatAreInScope" time="0.007"/>
  <testcase classname="sf.codingcompetition2020.CodingCompCsvUtilTest" name="countCustomersFromCitythatUseAgent" time="0.032"/>
  <testcase classname="sf.codingcompetition2020.CodingCompCsvUtilTest" name="test1" time="0.018"/>
  <testcase classname="sf.codingcompetition2020.CodingCompCsvUtilTest" name="getAgentIdGivenRank" time="0.035"/>
  <testcase classname="sf.codingcompetition2020.CodingCompCsvUtilTest" name="getAgentCountInArea" time="0.007"/>
  <testcase classname="sf.codingcompetition2020.CodingCompCsvUtilTest" name="getCountCustomersWithClaims" time="0.038"/>
  <testcase classname="sf.codingcompetition2020.CodingCompCsvUtilTest" name="getAgentsInAreaThatSpeakLanguage" time="0.004"/>
  <testcase classname="sf.codingcompetition2020.CodingCompCsvUtilTest" name="getCustomersRetainedForYearsByPlcyCostAsc" time="0.006"/>
</testsuite>